[01m[K/home/mik/labiagi_2020_21/pick_n_delivery/src/pick_n_delivery/src/set_goal.cpp:[m[K In function ‘[01m[Kvoid check1_callback(ros::TimerEvent&)[m[K’:
[01m[K/home/mik/labiagi_2020_21/pick_n_delivery/src/pick_n_delivery/src/set_goal.cpp:80:4:[m[K [01;31m[Kerror: [m[K‘[01m[Kpub_arrived[m[K’ was not declared in this scope
    [01;31m[Kpub_arrived[m[K.publish("Bloccato");
    [01;31m[K^~~~~~~~~~~[m[K
[01m[K/home/mik/labiagi_2020_21/pick_n_delivery/src/pick_n_delivery/src/set_goal.cpp:86:4:[m[K [01;31m[Kerror: [m[K‘[01m[Kpub_arrived[m[K’ was not declared in this scope
    [01;31m[Kpub_arrived[m[K.publish("Arrivato");
    [01;31m[K^~~~~~~~~~~[m[K
[01m[K/home/mik/labiagi_2020_21/pick_n_delivery/src/pick_n_delivery/src/set_goal.cpp:[m[K In function ‘[01m[Kint main(int, char**)[m[K’:
[01m[K/home/mik/labiagi_2020_21/pick_n_delivery/src/pick_n_delivery/src/set_goal.cpp:110:47:[m[K [01;31m[Kerror: [m[K‘[01m[KString[m[K’ is not a member of ‘[01m[Kstd[m[K’
  ros::Publisher pub_arrived= n.advertise<std::[01;31m[KString[m[K>("/Arrived",1000);
                                               [01;31m[K^~~~~~[m[K
[01m[K/home/mik/labiagi_2020_21/pick_n_delivery/src/pick_n_delivery/src/set_goal.cpp:110:47:[m[K [01;36m[Knote: [m[Ksuggested alternative: ‘[01m[Ktrunc[m[K’
  ros::Publisher pub_arrived= n.advertise<std::[01;36m[KString[m[K>("/Arrived",1000);
                                               [01;36m[K^~~~~~[m[K
                                               [32m[Ktrunc[m[K
[01m[K/home/mik/labiagi_2020_21/pick_n_delivery/src/pick_n_delivery/src/set_goal.cpp:110:47:[m[K [01;31m[Kerror: [m[K‘[01m[KString[m[K’ is not a member of ‘[01m[Kstd[m[K’
[01m[K/home/mik/labiagi_2020_21/pick_n_delivery/src/pick_n_delivery/src/set_goal.cpp:110:47:[m[K [01;36m[Knote: [m[Ksuggested alternative: ‘[01m[Ktrunc[m[K’
  ros::Publisher pub_arrived= n.advertise<std::[01;36m[KString[m[K>("/Arrived",1000);
                                               [01;36m[K^~~~~~[m[K
                                               [32m[Ktrunc[m[K
[01m[K/home/mik/labiagi_2020_21/pick_n_delivery/src/pick_n_delivery/src/set_goal.cpp:110:70:[m[K [01;31m[Kerror: [m[Kno matching function for call to ‘[01m[Kros::NodeHandle::advertise<<expression error> >(const char [9], int)[m[K’
  ros::Publisher pub_arrived= n.advertise<std::String>("/Arrived",1000[01;31m[K)[m[K;
                                                                      [01;31m[K^[m[K
In file included from [01m[K/opt/ros/melodic/include/ros/ros.h:45:0[m[K,
                 from [01m[K/home/mik/labiagi_2020_21/pick_n_delivery/src/pick_n_delivery/src/set_goal.cpp:1[m[K:
[01m[K/opt/ros/melodic/include/ros/node_handle.h:249:15:[m[K [01;36m[Knote: [m[Kcandidate: template<class M> ros::Publisher ros::NodeHandle::advertise(const string&, uint32_t, bool)
     Publisher [01;36m[Kadvertise[m[K(const std::string& topic, uint32_t queue_size, bool latch = false)
               [01;36m[K^~~~~~~~~[m[K
[01m[K/opt/ros/melodic/include/ros/node_handle.h:249:15:[m[K [01;36m[Knote: [m[K  template argument deduction/substitution failed:
[01m[K/home/mik/labiagi_2020_21/pick_n_delivery/src/pick_n_delivery/src/set_goal.cpp:110:70:[m[K [01;31m[Kerror: [m[Ktemplate argument 1 is invalid
  ros::Publisher pub_arrived= n.advertise<std::String>("/Arrived",1000[01;31m[K)[m[K;
                                                                      [01;31m[K^[m[K
In file included from [01m[K/opt/ros/melodic/include/ros/ros.h:45:0[m[K,
                 from [01m[K/home/mik/labiagi_2020_21/pick_n_delivery/src/pick_n_delivery/src/set_goal.cpp:1[m[K:
[01m[K/opt/ros/melodic/include/ros/node_handle.h:315:13:[m[K [01;36m[Knote: [m[Kcandidate: template<class M> ros::Publisher ros::NodeHandle::advertise(const string&, uint32_t, const SubscriberStatusCallback&, const SubscriberStatusCallback&, const VoidConstPtr&, bool)
   Publisher [01;36m[Kadvertise[m[K(const std::string& topic, uint32_t queue_size,
             [01;36m[K^~~~~~~~~[m[K
[01m[K/opt/ros/melodic/include/ros/node_handle.h:315:13:[m[K [01;36m[Knote: [m[K  template argument deduction/substitution failed:
[01m[K/home/mik/labiagi_2020_21/pick_n_delivery/src/pick_n_delivery/src/set_goal.cpp:110:70:[m[K [01;31m[Kerror: [m[Ktemplate argument 1 is invalid
  ros::Publisher pub_arrived= n.advertise<std::String>("/Arrived",1000[01;31m[K)[m[K;
                                                                      [01;31m[K^[m[K
In file included from [01m[K/usr/include/boost/function/detail/maybe_include.hpp:18:0[m[K,
                 from [01m[K/usr/include/boost/function/detail/function_iterate.hpp:14[m[K,
                 from [01m[K/usr/include/boost/preprocessor/iteration/detail/iter/forward1.hpp:52[m[K,
                 from [01m[K/usr/include/boost/function.hpp:64[m[K,
                 from [01m[K/opt/ros/melodic/include/ros/forwards.h:40[m[K,
                 from [01m[K/opt/ros/melodic/include/ros/common.h:37[m[K,
                 from [01m[K/opt/ros/melodic/include/ros/ros.h:43[m[K,
                 from [01m[K/home/mik/labiagi_2020_21/pick_n_delivery/src/pick_n_delivery/src/set_goal.cpp:1[m[K:
/usr/include/boost/function/function_template.hpp: In instantiation of ‘[01m[Kstatic void boost::detail::function::void_function_invoker1<FunctionPtr, R, T0>::invoke(boost::detail::function::function_buffer&, T0) [with FunctionPtr = void (*)(ros::TimerEvent&); R = void; T0 = const ros::TimerEvent&][m[K’:
[01m[K/usr/include/boost/function/function_template.hpp:925:38:[m[K   required from ‘[01m[Kvoid boost::function1<R, T1>::assign_to(Functor) [with Functor = void (*)(ros::TimerEvent&); R = void; T0 = const ros::TimerEvent&][m[K’
[01m[K/usr/include/boost/function/function_template.hpp:716:7:[m[K   required from ‘[01m[Kboost::function1<R, T1>::function1(Functor, typename boost::enable_if_c<(! boost::is_integral<Functor>::value), int>::type) [with Functor = void (*)(ros::TimerEvent&); R = void; T0 = const ros::TimerEvent&; typename boost::enable_if_c<(! boost::is_integral<Functor>::value), int>::type = int][m[K’
[01m[K/usr/include/boost/function/function_template.hpp:1061:16:[m[K   required from ‘[01m[Kboost::function<R(T0)>::function(Functor, typename boost::enable_if_c<(! boost::is_integral<Functor>::value), int>::type) [with Functor = void (*)(ros::TimerEvent&); R = void; T0 = const ros::TimerEvent&; typename boost::enable_if_c<(! boost::is_integral<Functor>::value), int>::type = int][m[K’
[01m[K/home/mik/labiagi_2020_21/pick_n_delivery/src/pick_n_delivery/src/set_goal.cpp:123:68:[m[K   required from here
[01m[K/usr/include/boost/function/function_template.hpp:118:11:[m[K [01;31m[Kerror: [m[Kbinding reference of type ‘[01m[Kros::TimerEvent&[m[K’ to ‘[01m[Kconst ros::TimerEvent[m[K’ discards qualifiers
           [01;31m[KB[m[KOOST_FUNCTION_RETURN(f(BOOST_FUNCTION_ARGS));
           [01;31m[K^[m[K
make[2]: *** [CMakeFiles/pick_n_delivery_node.dir/src/set_goal.cpp.o] Error 1
make[1]: *** [CMakeFiles/pick_n_delivery_node.dir/all] Error 2
make: *** [all] Error 2
