[35m[1mScanning dependencies of target pick_n_delivery_node[0m
[  0%] Built target geometry_msgs_generate_messages_cpp
[  0%] Built target std_msgs_generate_messages_cpp
[ 11%] [32mBuilding CXX object CMakeFiles/pick_n_delivery_node.dir/src/set_goal.cpp.o[0m
[ 11%] Built target geometry_msgs_generate_messages_py
[ 11%] Built target std_msgs_generate_messages_py
[ 11%] Built target _pick_n_delivery_generate_messages_check_deps_NewGoal
[ 11%] Built target geometry_msgs_generate_messages_nodejs
[ 11%] Built target std_msgs_generate_messages_nodejs
[ 11%] Built target geometry_msgs_generate_messages_lisp
[ 11%] Built target std_msgs_generate_messages_lisp
[ 11%] Built target geometry_msgs_generate_messages_eus
[ 11%] Built target std_msgs_generate_messages_eus
[ 44%] Built target pick_n_delivery_generate_messages_cpp
[ 44%] Built target pick_n_delivery_generate_messages_py
[ 55%] Built target pick_n_delivery_generate_messages_nodejs
[ 66%] Built target pick_n_delivery_generate_messages_lisp
[ 88%] Built target pick_n_delivery_generate_messages_eus
[ 88%] Built target pick_n_delivery_generate_messages
[100%] [32m[1mLinking CXX executable /home/mik/labiagi_2020_21/pick_n_delivery/devel/.private/pick_n_delivery/lib/pick_n_delivery/pick_n_delivery_node[0m
CMakeFiles/pick_n_delivery_node.dir/src/set_goal.cpp.o: nella funzione "pose_callback(tf2_msgs::TFMessage_<std::allocator<void> > const&)":
set_goal.cpp:(.text+0xb3): riferimento non definito a "tf2::BufferCore::canTransform(std::__cxx11::basic_string<char, std::char_traits<char>, std::allocator<char> > const&, std::__cxx11::basic_string<char, std::char_traits<char>, std::allocator<char> > const&, ros::Time const&, std::__cxx11::basic_string<char, std::char_traits<char>, std::allocator<char> >*) const"
set_goal.cpp:(.text+0x1ad): riferimento non definito a "tf2::BufferCore::lookupTransform(std::__cxx11::basic_string<char, std::char_traits<char>, std::allocator<char> > const&, std::__cxx11::basic_string<char, std::char_traits<char>, std::allocator<char> > const&, ros::Time const&) const"
CMakeFiles/pick_n_delivery_node.dir/src/set_goal.cpp.o: nella funzione "setgoal_callback(pick_n_delivery::NewGoal_<std::allocator<void> > const&)":
set_goal.cpp:(.text+0x38a): riferimento non definito a "ros::Time::now()"
CMakeFiles/pick_n_delivery_node.dir/src/set_goal.cpp.o: nella funzione "check1_callback(ros::TimerEvent const&)":
set_goal.cpp:(.text+0x49b): riferimento non definito a "ros::console::g_initialized"
set_goal.cpp:(.text+0x4ab): riferimento non definito a "ros::console::initialize()"
set_goal.cpp:(.text+0x4f8): riferimento non definito a "ros::console::initializeLogLocation(ros::console::LogLocation*, std::__cxx11::basic_string<char, std::char_traits<char>, std::allocator<char> > const&, ros::console::levels::Level)"
set_goal.cpp:(.text+0x535): riferimento non definito a "ros::console::setLogLocationLevel(ros::console::LogLocation*, ros::console::levels::Level)"
set_goal.cpp:(.text+0x541): riferimento non definito a "ros::console::checkLogLocationEnabled(ros::console::LogLocation*)"
set_goal.cpp:(.text+0x596): riferimento non definito a "ros::console::print(ros::console::FilterBase*, void*, ros::console::levels::Level, char const*, int, char const*, char const*, ...)"
set_goal.cpp:(.text+0x65a): riferimento non definito a "ros::console::g_initialized"
set_goal.cpp:(.text+0x66a): riferimento non definito a "ros::console::initialize()"
set_goal.cpp:(.text+0x6b7): riferimento non definito a "ros::console::initializeLogLocation(ros::console::LogLocation*, std::__cxx11::basic_string<char, std::char_traits<char>, std::allocator<char> > const&, ros::console::levels::Level)"
set_goal.cpp:(.text+0x6f4): riferimento non definito a "ros::console::setLogLocationLevel(ros::console::LogLocation*, ros::console::levels::Level)"
set_goal.cpp:(.text+0x700): riferimento non definito a "ros::console::checkLogLocationEnabled(ros::console::LogLocation*)"
set_goal.cpp:(.text+0x755): riferimento non definito a "ros::console::print(ros::console::FilterBase*, void*, ros::console::levels::Level, char const*, int, char const*, char const*, ...)"
set_goal.cpp:(.text+0x828): riferimento non definito a "ros::console::g_initialized"
set_goal.cpp:(.text+0x838): riferimento non definito a "ros::console::initialize()"
set_goal.cpp:(.text+0x885): riferimento non definito a "ros::console::initializeLogLocation(ros::console::LogLocation*, std::__cxx11::basic_string<char, std::char_traits<char>, std::allocator<char> > const&, ros::console::levels::Level)"
set_goal.cpp:(.text+0x8c2): riferimento non definito a "ros::console::setLogLocationLevel(ros::console::LogLocation*, ros::console::levels::Level)"
set_goal.cpp:(.text+0x8ce): riferimento non definito a "ros::console::checkLogLocationEnabled(ros::console::LogLocation*)"
set_goal.cpp:(.text+0x923): riferimento non definito a "ros::console::print(ros::console::FilterBase*, void*, ros::console::levels::Level, char const*, int, char const*, char const*, ...)"
CMakeFiles/pick_n_delivery_node.dir/src/set_goal.cpp.o: nella funzione "check2_callback(ros::TimerEvent const&)":
set_goal.cpp:(.text+0xa16): riferimento non definito a "ros::console::g_initialized"
set_goal.cpp:(.text+0xa26): riferimento non definito a "ros::console::initialize()"
set_goal.cpp:(.text+0xa73): riferimento non definito a "ros::console::initializeLogLocation(ros::console::LogLocation*, std::__cxx11::basic_string<char, std::char_traits<char>, std::allocator<char> > const&, ros::console::levels::Level)"
set_goal.cpp:(.text+0xab0): riferimento non definito a "ros::console::setLogLocationLevel(ros::console::LogLocation*, ros::console::levels::Level)"
set_goal.cpp:(.text+0xabc): riferimento non definito a "ros::console::checkLogLocationEnabled(ros::console::LogLocation*)"
set_goal.cpp:(.text+0xb11): riferimento non definito a "ros::console::print(ros::console::FilterBase*, void*, ros::console::levels::Level, char const*, int, char const*, char const*, ...)"
set_goal.cpp:(.text+0xbd1): riferimento non definito a "ros::console::g_initialized"
set_goal.cpp:(.text+0xbe1): riferimento non definito a "ros::console::initialize()"
set_goal.cpp:(.text+0xc2e): riferimento non definito a "ros::console::initializeLogLocation(ros::console::LogLocation*, std::__cxx11::basic_string<char, std::char_traits<char>, std::allocator<char> > const&, ros::console::levels::Level)"
set_goal.cpp:(.text+0xc6b): riferimento non definito a "ros::console::setLogLocationLevel(ros::console::LogLocation*, ros::console::levels::Level)"
set_goal.cpp:(.text+0xc77): riferimento non definito a "ros::console::checkLogLocationEnabled(ros::console::LogLocation*)"
set_goal.cpp:(.text+0xcd0): riferimento non definito a "ros::console::print(ros::console::FilterBase*, void*, ros::console::levels::Level, char const*, int, char const*, char const*, ...)"
CMakeFiles/pick_n_delivery_node.dir/src/set_goal.cpp.o: nella funzione "main":
set_goal.cpp:(.text+0xdbd): riferimento non definito a "ros::init(int&, char**, std::__cxx11::basic_string<char, std::char_traits<char>, std::allocator<char> > const&, unsigned int)"
set_goal.cpp:(.text+0xe4f): riferimento non definito a "ros::NodeHandle::NodeHandle(std::__cxx11::basic_string<char, std::char_traits<char>, std::allocator<char> > const&, std::map<std::__cxx11::basic_string<char, std::char_traits<char>, std::allocator<char> >, std::__cxx11::basic_string<char, std::char_traits<char>, std::allocator<char> >, std::less<std::__cxx11::basic_string<char, std::char_traits<char>, std::allocator<char> > >, std::allocator<std::pair<std::__cxx11::basic_string<char, std::char_traits<char>, std::allocator<char> > const, std::__cxx11::basic_string<char, std::char_traits<char>, std::allocator<char> > > > > const&)"
set_goal.cpp:(.text+0xf6c): riferimento non definito a "tf2_ros::TransformListener::TransformListener(tf2::BufferCore&, bool)"
set_goal.cpp:(.text+0xf91): riferimento non definito a "ros::Rate::Rate(double)"
set_goal.cpp:(.text+0x11fd): riferimento non definito a "ros::NodeHandle::createTimer(ros::Duration, boost::function<void (ros::TimerEvent const&)> const&, bool, bool) const"
set_goal.cpp:(.text+0x128b): riferimento non definito a "ros::NodeHandle::createTimer(ros::Duration, boost::function<void (ros::TimerEvent const&)> const&, bool, bool) const"
set_goal.cpp:(.text+0x12b8): riferimento non definito a "ros::ok()"
set_goal.cpp:(.text+0x12d5): riferimento non definito a "ros::console::g_initialized"
set_goal.cpp:(.text+0x12e5): riferimento non definito a "ros::console::initialize()"
set_goal.cpp:(.text+0x133e): riferimento non definito a "ros::console::initializeLogLocation(ros::console::LogLocation*, std::__cxx11::basic_string<char, std::char_traits<char>, std::allocator<char> > const&, ros::console::levels::Level)"
set_goal.cpp:(.text+0x1381): riferimento non definito a "ros::console::setLogLocationLevel(ros::console::LogLocation*, ros::console::levels::Level)"
set_goal.cpp:(.text+0x138d): riferimento non definito a "ros::console::checkLogLocationEnabled(ros::console::LogLocation*)"
set_goal.cpp:(.text+0x13e8): riferimento non definito a "ros::console::print(ros::console::FilterBase*, void*, ros::console::levels::Level, char const*, int, char const*, char const*, ...)"
set_goal.cpp:(.text+0x1411): riferimento non definito a "ros::spinOnce()"
set_goal.cpp:(.text+0x1420): riferimento non definito a "ros::Rate::sleep()"
set_goal.cpp:(.text+0x1440): riferimento non definito a "ros::Timer::~Timer()"
set_goal.cpp:(.text+0x144f): riferimento non definito a "ros::Timer::~Timer()"
set_goal.cpp:(.text+0x145e): riferimento non definito a "ros::Subscriber::~Subscriber()"
set_goal.cpp:(.text+0x146d): riferimento non definito a "ros::Subscriber::~Subscriber()"
set_goal.cpp:(.text+0x148b): riferimento non definito a "tf2_ros::TransformListener::~TransformListener()"
set_goal.cpp:(.text+0x149a): riferimento non definito a "ros::Publisher::~Publisher()"
set_goal.cpp:(.text+0x14a9): riferimento non definito a "ros::Publisher::~Publisher()"
set_goal.cpp:(.text+0x14b8): riferimento non definito a "ros::NodeHandle::~NodeHandle()"
set_goal.cpp:(.text+0x1683): riferimento non definito a "ros::Timer::~Timer()"
set_goal.cpp:(.text+0x1697): riferimento non definito a "ros::Timer::~Timer()"
set_goal.cpp:(.text+0x16ab): riferimento non definito a "ros::Subscriber::~Subscriber()"
set_goal.cpp:(.text+0x16ba): riferimento non definito a "ros::Subscriber::~Subscriber()"
set_goal.cpp:(.text+0x16dd): riferimento non definito a "tf2_ros::TransformListener::~TransformListener()"
set_goal.cpp:(.text+0x16f1): riferimento non definito a "ros::Publisher::~Publisher()"
set_goal.cpp:(.text+0x1700): riferimento non definito a "ros::Publisher::~Publisher()"
set_goal.cpp:(.text+0x170f): riferimento non definito a "ros::NodeHandle::~NodeHandle()"
CMakeFiles/pick_n_delivery_node.dir/src/set_goal.cpp.o: nella funzione "__static_initialization_and_destruction_0(int, int)":
set_goal.cpp:(.text+0x178c): riferimento non definito a "boost::system::generic_category()"
set_goal.cpp:(.text+0x1798): riferimento non definito a "boost::system::generic_category()"
set_goal.cpp:(.text+0x17a4): riferimento non definito a "boost::system::system_category()"
set_goal.cpp:(.text+0x1ae9): riferimento non definito a "tf2_ros::Buffer::Buffer(ros::Duration, bool)"
CMakeFiles/pick_n_delivery_node.dir/src/set_goal.cpp.o: nella funzione "ros::Duration::Duration(double)":
set_goal.cpp:(.text._ZN3ros8DurationC2Ed[_ZN3ros8DurationC5Ed]+0x33): riferimento non definito a "ros::DurationBase<ros::Duration>::fromSec(double)"
CMakeFiles/pick_n_delivery_node.dir/src/set_goal.cpp.o: nella funzione "ros::Time::Time(double)":
set_goal.cpp:(.text._ZN3ros4TimeC2Ed[_ZN3ros4TimeC5Ed]+0x32): riferimento non definito a "ros::TimeBase<ros::Time, ros::Duration>::fromSec(double)"
CMakeFiles/pick_n_delivery_node.dir/src/set_goal.cpp.o: nella funzione "boost::system::error_category::std_category::equivalent(int, std::error_condition const&) const":
set_goal.cpp:(.text._ZNK5boost6system14error_category12std_category10equivalentEiRKSt15error_condition[_ZNK5boost6system14error_category12std_category10equivalentEiRKSt15error_condition]+0xb8): riferimento non definito a "boost::system::generic_category()"
set_goal.cpp:(.text._ZNK5boost6system14error_category12std_category10equivalentEiRKSt15error_condition[_ZNK5boost6system14error_category12std_category10equivalentEiRKSt15error_condition]+0xf3): riferimento non definito a "boost::system::generic_category()"
CMakeFiles/pick_n_delivery_node.dir/src/set_goal.cpp.o: nella funzione "boost::system::error_category::std_category::equivalent(std::error_code const&, int) const":
set_goal.cpp:(.text._ZNK5boost6system14error_category12std_category10equivalentERKSt10error_codei[_ZNK5boost6system14error_category12std_category10equivalentERKSt10error_codei]+0xb8): riferimento non definito a "boost::system::generic_category()"
set_goal.cpp:(.text._ZNK5boost6system14error_category12std_category10equivalentERKSt10error_codei[_ZNK5boost6system14error_category12std_category10equivalentERKSt10error_codei]+0xf3): riferimento non definito a "boost::system::generic_category()"
set_goal.cpp:(.text._ZNK5boost6system14error_category12std_category10equivalentERKSt10error_codei[_ZNK5boost6system14error_category12std_category10equivalentERKSt10error_codei]+0x1d2): riferimento non definito a "boost::system::generic_category()"
CMakeFiles/pick_n_delivery_node.dir/src/set_goal.cpp.o: nella funzione "ros::Publisher ros::NodeHandle::advertise<geometry_msgs::PoseStamped_<std::allocator<void> > >(std::__cxx11::basic_string<char, std::char_traits<char>, std::allocator<char> > const&, unsigned int, bool)":
set_goal.cpp:(.text._ZN3ros10NodeHandle9advertiseIN13geometry_msgs12PoseStamped_ISaIvEEEEENS_9PublisherERKNSt7__cxx1112basic_stringIcSt11char_traitsIcESaIcEEEjb[_ZN3ros10NodeHandle9advertiseIN13geometry_msgs12PoseStamped_ISaIvEEEEENS_9PublisherERKNSt7__cxx1112basic_stringIcSt11char_traitsIcESaIcEEEjb]+0xdd): riferimento non definito a "ros::NodeHandle::advertise(ros::AdvertiseOptions&)"
CMakeFiles/pick_n_delivery_node.dir/src/set_goal.cpp.o: nella funzione "ros::Publisher ros::NodeHandle::advertise<std_msgs::String_<std::allocator<void> > >(std::__cxx11::basic_string<char, std::char_traits<char>, std::allocator<char> > const&, unsigned int, bool)":
set_goal.cpp:(.text._ZN3ros10NodeHandle9advertiseIN8std_msgs7String_ISaIvEEEEENS_9PublisherERKNSt7__cxx1112basic_stringIcSt11char_traitsIcESaIcEEEjb[_ZN3ros10NodeHandle9advertiseIN8std_msgs7String_ISaIvEEEEENS_9PublisherERKNSt7__cxx1112basic_stringIcSt11char_traitsIcESaIcEEEjb]+0xdd): riferimento non definito a "ros::NodeHandle::advertise(ros::AdvertiseOptions&)"
CMakeFiles/pick_n_delivery_node.dir/src/set_goal.cpp.o: nella funzione "ros::Subscriber ros::NodeHandle::subscribe<pick_n_delivery::NewGoal_<std::allocator<void> > const&>(std::__cxx11::basic_string<char, std::char_traits<char>, std::allocator<char> > const&, unsigned int, void (*)(pick_n_delivery::NewGoal_<std::allocator<void> > const&), ros::TransportHints const&)":
set_goal.cpp:(.text._ZN3ros10NodeHandle9subscribeIRKN15pick_n_delivery8NewGoal_ISaIvEEEEENS_10SubscriberERKNSt7__cxx1112basic_stringIcSt11char_traitsIcESaIcEEEjPFvT_ERKNS_14TransportHintsE[_ZN3ros10NodeHandle9subscribeIRKN15pick_n_delivery8NewGoal_ISaIvEEEEENS_10SubscriberERKNSt7__cxx1112basic_stringIcSt11char_traitsIcESaIcEEEjPFvT_ERKNS_14TransportHintsE]+0x115): riferimento non definito a "ros::NodeHandle::subscribe(ros::SubscribeOptions&)"
CMakeFiles/pick_n_delivery_node.dir/src/set_goal.cpp.o: nella funzione "ros::Subscriber ros::NodeHandle::subscribe<tf2_msgs::TFMessage_<std::allocator<void> > const&>(std::__cxx11::basic_string<char, std::char_traits<char>, std::allocator<char> > const&, unsigned int, void (*)(tf2_msgs::TFMessage_<std::allocator<void> > const&), ros::TransportHints const&)":
set_goal.cpp:(.text._ZN3ros10NodeHandle9subscribeIRKN8tf2_msgs10TFMessage_ISaIvEEEEENS_10SubscriberERKNSt7__cxx1112basic_stringIcSt11char_traitsIcESaIcEEEjPFvT_ERKNS_14TransportHintsE[_ZN3ros10NodeHandle9subscribeIRKN8tf2_msgs10TFMessage_ISaIvEEEEENS_10SubscriberERKNSt7__cxx1112basic_stringIcSt11char_traitsIcESaIcEEEjPFvT_ERKNS_14TransportHintsE]+0x115): riferimento non definito a "ros::NodeHandle::subscribe(ros::SubscribeOptions&)"
CMakeFiles/pick_n_delivery_node.dir/src/set_goal.cpp.o: nella funzione "void ros::Publisher::publish<geometry_msgs::PoseStamped_<std::allocator<void> > >(geometry_msgs::PoseStamped_<std::allocator<void> > const&) const":
set_goal.cpp:(.text._ZNK3ros9Publisher7publishIN13geometry_msgs12PoseStamped_ISaIvEEEEEvRKT_[_ZNK3ros9Publisher7publishIN13geometry_msgs12PoseStamped_ISaIvEEEEEvRKT_]+0x47): riferimento non definito a "ros::console::g_initialized"
set_goal.cpp:(.text._ZNK3ros9Publisher7publishIN13geometry_msgs12PoseStamped_ISaIvEEEEEvRKT_[_ZNK3ros9Publisher7publishIN13geometry_msgs12PoseStamped_ISaIvEEEEEvRKT_]+0x57): riferimento non definito a "ros::console::initialize()"
set_goal.cpp:(.text._ZNK3ros9Publisher7publishIN13geometry_msgs12PoseStamped_ISaIvEEEEEvRKT_[_ZNK3ros9Publisher7publishIN13geometry_msgs12PoseStamped_ISaIvEEEEEvRKT_]+0xaa): riferimento non definito a "ros::console::initializeLogLocation(ros::console::LogLocation*, std::__cxx11::basic_string<char, std::char_traits<char>, std::allocator<char> > const&, ros::console::levels::Level)"
set_goal.cpp:(.text._ZNK3ros9Publisher7publishIN13geometry_msgs12PoseStamped_ISaIvEEEEEvRKT_[_ZNK3ros9Publisher7publishIN13geometry_msgs12PoseStamped_ISaIvEEEEEvRKT_]+0xea): riferimento non definito a "ros::console::setLogLocationLevel(ros::console::LogLocation*, ros::console::levels::Level)"
set_goal.cpp:(.text._ZNK3ros9Publisher7publishIN13geometry_msgs12PoseStamped_ISaIvEEEEEvRKT_[_ZNK3ros9Publisher7publishIN13geometry_msgs12PoseStamped_ISaIvEEEEEvRKT_]+0xf6): riferimento non definito a "ros::console::checkLogLocationEnabled(ros::console::LogLocation*)"
set_goal.cpp:(.text._ZNK3ros9Publisher7publishIN13geometry_msgs12PoseStamped_ISaIvEEEEEvRKT_[_ZNK3ros9Publisher7publishIN13geometry_msgs12PoseStamped_ISaIvEEEEEvRKT_]+0x15f): riferimento non definito a "ros::console::print(ros::console::FilterBase*, void*, ros::console::levels::Level, char const*, int, char const*, char const*, ...)"
set_goal.cpp:(.text._ZNK3ros9Publisher7publishIN13geometry_msgs12PoseStamped_ISaIvEEEEEvRKT_[_ZNK3ros9Publisher7publishIN13geometry_msgs12PoseStamped_ISaIvEEEEEvRKT_]+0x16a): riferimento non definito a "ros::console::g_initialized"
set_goal.cpp:(.text._ZNK3ros9Publisher7publishIN13geometry_msgs12PoseStamped_ISaIvEEEEEvRKT_[_ZNK3ros9Publisher7publishIN13geometry_msgs12PoseStamped_ISaIvEEEEEvRKT_]+0x17a): riferimento non definito a "ros::console::initialize()"
set_goal.cpp:(.text._ZNK3ros9Publisher7publishIN13geometry_msgs12PoseStamped_ISaIvEEEEEvRKT_[_ZNK3ros9Publisher7publishIN13geometry_msgs12PoseStamped_ISaIvEEEEEvRKT_]+0x1cd): riferimento non definito a "ros::console::initializeLogLocation(ros::console::LogLocation*, std::__cxx11::basic_string<char, std::char_traits<char>, std::allocator<char> > const&, ros::console::levels::Level)"
set_goal.cpp:(.text._ZNK3ros9Publisher7publishIN13geometry_msgs12PoseStamped_ISaIvEEEEEvRKT_[_ZNK3ros9Publisher7publishIN13geometry_msgs12PoseStamped_ISaIvEEEEEvRKT_]+0x20d): riferimento non definito a "ros::console::setLogLocationLevel(ros::console::LogLocation*, ros::console::levels::Level)"
set_goal.cpp:(.text._ZNK3ros9Publisher7publishIN13geometry_msgs12PoseStamped_ISaIvEEEEEvRKT_[_ZNK3ros9Publisher7publishIN13geometry_msgs12PoseStamped_ISaIvEEEEEvRKT_]+0x219): riferimento non definito a "ros::console::checkLogLocationEnabled(ros::console::LogLocation*)"
set_goal.cpp:(.text._ZNK3ros9Publisher7publishIN13geometry_msgs12PoseStamped_ISaIvEEEEEvRKT_[_ZNK3ros9Publisher7publishIN13geometry_msgs12PoseStamped_ISaIvEEEEEvRKT_]+0x274): riferimento non definito a "ros::console::print(ros::console::FilterBase*, void*, ros::console::levels::Level, char const*, int, char const*, char const*, ...)"
set_goal.cpp:(.text._ZNK3ros9Publisher7publishIN13geometry_msgs12PoseStamped_ISaIvEEEEEvRKT_[_ZNK3ros9Publisher7publishIN13geometry_msgs12PoseStamped_ISaIvEEEEEvRKT_]+0x27f): riferimento non definito a "ros::console::g_initialized"
set_goal.cpp:(.text._ZNK3ros9Publisher7publishIN13geometry_msgs12PoseStamped_ISaIvEEEEEvRKT_[_ZNK3ros9Publisher7publishIN13geometry_msgs12PoseStamped_ISaIvEEEEEvRKT_]+0x28f): riferimento non definito a "ros::console::initialize()"
set_goal.cpp:(.text._ZNK3ros9Publisher7publishIN13geometry_msgs12PoseStamped_ISaIvEEEEEvRKT_[_ZNK3ros9Publisher7publishIN13geometry_msgs12PoseStamped_ISaIvEEEEEvRKT_]+0x2e2): riferimento non definito a "ros::console::initializeLogLocation(ros::console::LogLocation*, std::__cxx11::basic_string<char, std::char_traits<char>, std::allocator<char> > const&, ros::console::levels::Level)"
set_goal.cpp:(.text._ZNK3ros9Publisher7publishIN13geometry_msgs12PoseStamped_ISaIvEEEEEvRKT_[_ZNK3ros9Publisher7publishIN13geometry_msgs12PoseStamped_ISaIvEEEEEvRKT_]+0x322): riferimento non definito a "ros::console::setLogLocationLevel(ros::console::LogLocation*, ros::console::levels::Level)"
set_goal.cpp:(.text._ZNK3ros9Publisher7publishIN13geometry_msgs12PoseStamped_ISaIvEEEEEvRKT_[_ZNK3ros9Publisher7publishIN13geometry_msgs12PoseStamped_ISaIvEEEEEvRKT_]+0x32e): riferimento non definito a "ros::console::checkLogLocationEnabled(ros::console::LogLocation*)"
set_goal.cpp:(.text._ZNK3ros9Publisher7publishIN13geometry_msgs12PoseStamped_ISaIvEEEEEvRKT_[_ZNK3ros9Publisher7publishIN13geometry_msgs12PoseStamped_ISaIvEEEEEvRKT_]+0x389): riferimento non definito a "ros::console::print(ros::console::FilterBase*, void*, ros::console::levels::Level, char const*, int, char const*, char const*, ...)"
set_goal.cpp:(.text._ZNK3ros9Publisher7publishIN13geometry_msgs12PoseStamped_ISaIvEEEEEvRKT_[_ZNK3ros9Publisher7publishIN13geometry_msgs12PoseStamped_ISaIvEEEEEvRKT_]+0x3aa): riferimento non definito a "ros::Publisher::Impl::isValid() const"
set_goal.cpp:(.text._ZNK3ros9Publisher7publishIN13geometry_msgs12PoseStamped_ISaIvEEEEEvRKT_[_ZNK3ros9Publisher7publishIN13geometry_msgs12PoseStamped_ISaIvEEEEEvRKT_]+0x3bc): riferimento non definito a "ros::console::g_initialized"
set_goal.cpp:(.text._ZNK3ros9Publisher7publishIN13geometry_msgs12PoseStamped_ISaIvEEEEEvRKT_[_ZNK3ros9Publisher7publishIN13geometry_msgs12PoseStamped_ISaIvEEEEEvRKT_]+0x3cc): riferimento non definito a "ros::console::initialize()"
set_goal.cpp:(.text._ZNK3ros9Publisher7publishIN13geometry_msgs12PoseStamped_ISaIvEEEEEvRKT_[_ZNK3ros9Publisher7publishIN13geometry_msgs12PoseStamped_ISaIvEEEEEvRKT_]+0x41f): riferimento non definito a "ros::console::initializeLogLocation(ros::console::LogLocation*, std::__cxx11::basic_string<char, std::char_traits<char>, std::allocator<char> > const&, ros::console::levels::Level)"
set_goal.cpp:(.text._ZNK3ros9Publisher7publishIN13geometry_msgs12PoseStamped_ISaIvEEEEEvRKT_[_ZNK3ros9Publisher7publishIN13geometry_msgs12PoseStamped_ISaIvEEEEEvRKT_]+0x45f): riferimento non definito a "ros::console::setLogLocationLevel(ros::console::LogLocation*, ros::console::levels::Level)"
set_goal.cpp:(.text._ZNK3ros9Publisher7publishIN13geometry_msgs12PoseStamped_ISaIvEEEEEvRKT_[_ZNK3ros9Publisher7publishIN13geometry_msgs12PoseStamped_ISaIvEEEEEvRKT_]+0x46b): riferimento non definito a "ros::console::checkLogLocationEnabled(ros::console::LogLocation*)"
set_goal.cpp:(.text._ZNK3ros9Publisher7publishIN13geometry_msgs12PoseStamped_ISaIvEEEEEvRKT_[_ZNK3ros9Publisher7publishIN13geometry_msgs12PoseStamped_ISaIvEEEEEvRKT_]+0x4d4): riferimento non definito a "ros::console::print(ros::console::FilterBase*, void*, ros::console::levels::Level, char const*, int, char const*, char const*, ...)"
set_goal.cpp:(.text._ZNK3ros9Publisher7publishIN13geometry_msgs12PoseStamped_ISaIvEEEEEvRKT_[_ZNK3ros9Publisher7publishIN13geometry_msgs12PoseStamped_ISaIvEEEEEvRKT_]+0x4df): riferimento non definito a "ros::console::g_initialized"
set_goal.cpp:(.text._ZNK3ros9Publisher7publishIN13geometry_msgs12PoseStamped_ISaIvEEEEEvRKT_[_ZNK3ros9Publisher7publishIN13geometry_msgs12PoseStamped_ISaIvEEEEEvRKT_]+0x4ef): riferimento non definito a "ros::console::initialize()"
set_goal.cpp:(.text._ZNK3ros9Publisher7publishIN13geometry_msgs12PoseStamped_ISaIvEEEEEvRKT_[_ZNK3ros9Publisher7publishIN13geometry_msgs12PoseStamped_ISaIvEEEEEvRKT_]+0x542): riferimento non definito a "ros::console::initializeLogLocation(ros::console::LogLocation*, std::__cxx11::basic_string<char, std::char_traits<char>, std::allocator<char> > const&, ros::console::levels::Level)"
set_goal.cpp:(.text._ZNK3ros9Publisher7publishIN13geometry_msgs12PoseStamped_ISaIvEEEEEvRKT_[_ZNK3ros9Publisher7publishIN13geometry_msgs12PoseStamped_ISaIvEEEEEvRKT_]+0x582): riferimento non definito a "ros::console::setLogLocationLevel(ros::console::LogLocation*, ros::console::levels::Level)"
set_goal.cpp:(.text._ZNK3ros9Publisher7publishIN13geometry_msgs12PoseStamped_ISaIvEEEEEvRKT_[_ZNK3ros9Publisher7publishIN13geometry_msgs12PoseStamped_ISaIvEEEEEvRKT_]+0x58e): riferimento non definito a "ros::console::checkLogLocationEnabled(ros::console::LogLocation*)"
set_goal.cpp:(.text._ZNK3ros9Publisher7publishIN13geometry_msgs12PoseStamped_ISaIvEEEEEvRKT_[_ZNK3ros9Publisher7publishIN13geometry_msgs12PoseStamped_ISaIvEEEEEvRKT_]+0x600): riferimento non definito a "ros::console::print(ros::console::FilterBase*, void*, ros::console::levels::Level, char const*, int, char const*, char const*, ...)"
set_goal.cpp:(.text._ZNK3ros9Publisher7publishIN13geometry_msgs12PoseStamped_ISaIvEEEEEvRKT_[_ZNK3ros9Publisher7publishIN13geometry_msgs12PoseStamped_ISaIvEEEEEvRKT_]+0x60b): riferimento non definito a "ros::console::g_initialized"
set_goal.cpp:(.text._ZNK3ros9Publisher7publishIN13geometry_msgs12PoseStamped_ISaIvEEEEEvRKT_[_ZNK3ros9Publisher7publishIN13geometry_msgs12PoseStamped_ISaIvEEEEEvRKT_]+0x61b): riferimento non definito a "ros::console::initialize()"
set_goal.cpp:(.text._ZNK3ros9Publisher7publishIN13geometry_msgs12PoseStamped_ISaIvEEEEEvRKT_[_ZNK3ros9Publisher7publishIN13geometry_msgs12PoseStamped_ISaIvEEEEEvRKT_]+0x66e): riferimento non definito a "ros::console::initializeLogLocation(ros::console::LogLocation*, std::__cxx11::basic_string<char, std::char_traits<char>, std::allocator<char> > const&, ros::console::levels::Level)"
set_goal.cpp:(.text._ZNK3ros9Publisher7publishIN13geometry_msgs12PoseStamped_ISaIvEEEEEvRKT_[_ZNK3ros9Publisher7publishIN13geometry_msgs12PoseStamped_ISaIvEEEEEvRKT_]+0x6ae): riferimento non definito a "ros::console::setLogLocationLevel(ros::console::LogLocation*, ros::console::levels::Level)"
set_goal.cpp:(.text._ZNK3ros9Publisher7publishIN13geometry_msgs12PoseStamped_ISaIvEEEEEvRKT_[_ZNK3ros9Publisher7publishIN13geometry_msgs12PoseStamped_ISaIvEEEEEvRKT_]+0x6ba): riferimento non definito a "ros::console::checkLogLocationEnabled(ros::console::LogLocation*)"
set_goal.cpp:(.text._ZNK3ros9Publisher7publishIN13geometry_msgs12PoseStamped_ISaIvEEEEEvRKT_[_ZNK3ros9Publisher7publishIN13geometry_msgs12PoseStamped_ISaIvEEEEEvRKT_]+0x715): riferimento non definito a "ros::console::print(ros::console::FilterBase*, void*, ros::console::levels::Level, char const*, int, char const*, char const*, ...)"
set_goal.cpp:(.text._ZNK3ros9Publisher7publishIN13geometry_msgs12PoseStamped_ISaIvEEEEEvRKT_[_ZNK3ros9Publisher7publishIN13geometry_msgs12PoseStamped_ISaIvEEEEEvRKT_]+0x823): riferimento non definito a "ros::console::g_initialized"
set_goal.cpp:(.text._ZNK3ros9Publisher7publishIN13geometry_msgs12PoseStamped_ISaIvEEEEEvRKT_[_ZNK3ros9Publisher7publishIN13geometry_msgs12PoseStamped_ISaIvEEEEEvRKT_]+0x833): riferimento non definito a "ros::console::initialize()"
set_goal.cpp:(.text._ZNK3ros9Publisher7publishIN13geometry_msgs12PoseStamped_ISaIvEEEEEvRKT_[_ZNK3ros9Publisher7publishIN13geometry_msgs12PoseStamped_ISaIvEEEEEvRKT_]+0x886): riferimento non definito a "ros::console::initializeLogLocation(ros::console::LogLocation*, std::__cxx11::basic_string<char, std::char_traits<char>, std::allocator<char> > const&, ros::console::levels::Level)"
set_goal.cpp:(.text._ZNK3ros9Publisher7publishIN13geometry_msgs12PoseStamped_ISaIvEEEEEvRKT_[_ZNK3ros9Publisher7publishIN13geometry_msgs12PoseStamped_ISaIvEEEEEvRKT_]+0x8c5): riferimento non definito a "ros::console::setLogLocationLevel(ros::console::LogLocation*, ros::console::levels::Level)"
set_goal.cpp:(.text._ZNK3ros9Publisher7publishIN13geometry_msgs12PoseStamped_ISaIvEEEEEvRKT_[_ZNK3ros9Publisher7publishIN13geometry_msgs12PoseStamped_ISaIvEEEEEvRKT_]+0x8d1): riferimento non definito a "ros::console::checkLogLocationEnabled(ros::console::LogLocation*)"
set_goal.cpp:(.text._ZNK3ros9Publisher7publishIN13geometry_msgs12PoseStamped_ISaIvEEEEEvRKT_[_ZNK3ros9Publisher7publishIN13geometry_msgs12PoseStamped_ISaIvEEEEEvRKT_]+0x9b3): riferimento non definito a "ros::console::print(ros::console::FilterBase*, void*, ros::console::levels::Level, char const*, int, char const*, char const*, ...)"
set_goal.cpp:(.text._ZNK3ros9Publisher7publishIN13geometry_msgs12PoseStamped_ISaIvEEEEEvRKT_[_ZNK3ros9Publisher7publishIN13geometry_msgs12PoseStamped_ISaIvEEEEEvRKT_]+0xa45): riferimento non definito a "ros::Publisher::publish(boost::function<ros::SerializedMessage ()> const&, ros::SerializedMessage&) const"
CMakeFiles/pick_n_delivery_node.dir/src/set_goal.cpp.o: nella funzione "void ros::serialization::Serializer<unsigned int>::write<ros::serialization::OStream>(ros::serialization::OStream&, unsigned int)":
set_goal.cpp:(.text._ZN3ros13serialization10SerializerIjE5writeINS0_7OStreamEEEvRT_j[_ZN3ros13serialization10SerializerIjE5writeINS0_7OStreamEEEvRT_j]+0x52): riferimento non definito a "ros::serialization::throwStreamOverrun()"
CMakeFiles/pick_n_delivery_node.dir/src/set_goal.cpp.o: nella funzione "void ros::serialization::Serializer<std::__cxx11::basic_string<char, std::char_traits<char>, std::allocator<char> > >::write<ros::serialization::OStream>(ros::serialization::OStream&, std::__cxx11::basic_string<char, std::char_traits<char>, std::allocator<char> > const&)":
set_goal.cpp:(.text._ZN3ros13serialization10SerializerINSt7__cxx1112basic_stringIcSt11char_traitsIcESaIcEEEE5writeINS0_7OStreamEEEvRT_RKS7_[_ZN3ros13serialization10SerializerINSt7__cxx1112basic_stringIcSt11char_traitsIcESaIcEEEE5writeINS0_7OStreamEEEvRT_RKS7_]+0xab): riferimento non definito a "ros::serialization::throwStreamOverrun()"
CMakeFiles/pick_n_delivery_node.dir/src/set_goal.cpp.o: nella funzione "void ros::serialization::Serializer<double>::write<ros::serialization::OStream>(ros::serialization::OStream&, double)":
set_goal.cpp:(.text._ZN3ros13serialization10SerializerIdE5writeINS0_7OStreamEEEvRT_d[_ZN3ros13serialization10SerializerIdE5writeINS0_7OStreamEEEvRT_d]+0x54): riferimento non definito a "ros::serialization::throwStreamOverrun()"
CMakeFiles/pick_n_delivery_node.dir/src/set_goal.cpp.o: nella funzione "tf2_ros::Buffer::~Buffer()":
set_goal.cpp:(.text._ZN7tf2_ros6BufferD2Ev[_ZN7tf2_ros6BufferD5Ev]+0xf): riferimento non definito a "vtable for tf2_ros::Buffer"
set_goal.cpp:(.text._ZN7tf2_ros6BufferD2Ev[_ZN7tf2_ros6BufferD5Ev]+0x1d): riferimento non definito a "vtable for tf2_ros::Buffer"
set_goal.cpp:(.text._ZN7tf2_ros6BufferD2Ev[_ZN7tf2_ros6BufferD5Ev]+0x37): riferimento non definito a "ros::ServiceServer::~ServiceServer()"
set_goal.cpp:(.text._ZN7tf2_ros6BufferD2Ev[_ZN7tf2_ros6BufferD5Ev]+0x47): riferimento non definito a "tf2::BufferCore::~BufferCore()"
CMakeFiles/pick_n_delivery_node.dir/src/set_goal.cpp.o: nella funzione "ros::SubscriptionCallbackHelperT<tf2_msgs::TFMessage_<std::allocator<void> > const&, void>::deserialize(ros::SubscriptionCallbackHelperDeserializeParams const&)":
set_goal.cpp:(.text._ZN3ros27SubscriptionCallbackHelperTIRKN8tf2_msgs10TFMessage_ISaIvEEEvE11deserializeERKNS_43SubscriptionCallbackHelperDeserializeParamsE[_ZN3ros27SubscriptionCallbackHelperTIRKN8tf2_msgs10TFMessage_ISaIvEEEvE11deserializeERKNS_43SubscriptionCallbackHelperDeserializeParamsE]+0x61): riferimento non definito a "ros::console::g_initialized"
set_goal.cpp:(.text._ZN3ros27SubscriptionCallbackHelperTIRKN8tf2_msgs10TFMessage_ISaIvEEEvE11deserializeERKNS_43SubscriptionCallbackHelperDeserializeParamsE[_ZN3ros27SubscriptionCallbackHelperTIRKN8tf2_msgs10TFMessage_ISaIvEEEvE11deserializeERKNS_43SubscriptionCallbackHelperDeserializeParamsE]+0x71): riferimento non definito a "ros::console::initialize()"
set_goal.cpp:(.text._ZN3ros27SubscriptionCallbackHelperTIRKN8tf2_msgs10TFMessage_ISaIvEEEvE11deserializeERKNS_43SubscriptionCallbackHelperDeserializeParamsE[_ZN3ros27SubscriptionCallbackHelperTIRKN8tf2_msgs10TFMessage_ISaIvEEEvE11deserializeERKNS_43SubscriptionCallbackHelperDeserializeParamsE]+0xbe): riferimento non definito a "ros::console::initializeLogLocation(ros::console::LogLocation*, std::__cxx11::basic_string<char, std::char_traits<char>, std::allocator<char> > const&, ros::console::levels::Level)"
set_goal.cpp:(.text._ZN3ros27SubscriptionCallbackHelperTIRKN8tf2_msgs10TFMessage_ISaIvEEEvE11deserializeERKNS_43SubscriptionCallbackHelperDeserializeParamsE[_ZN3ros27SubscriptionCallbackHelperTIRKN8tf2_msgs10TFMessage_ISaIvEEEvE11deserializeERKNS_43SubscriptionCallbackHelperDeserializeParamsE]+0xfa): riferimento non definito a "ros::console::setLogLocationLevel(ros::console::LogLocation*, ros::console::levels::Level)"
set_goal.cpp:(.text._ZN3ros27SubscriptionCallbackHelperTIRKN8tf2_msgs10TFMessage_ISaIvEEEvE11deserializeERKNS_43SubscriptionCallbackHelperDeserializeParamsE[_ZN3ros27SubscriptionCallbackHelperTIRKN8tf2_msgs10TFMessage_ISaIvEEEvE11deserializeERKNS_43SubscriptionCallbackHelperDeserializeParamsE]+0x106): riferimento non definito a "ros::console::checkLogLocationEnabled(ros::console::LogLocation*)"
set_goal.cpp:(.text._ZN3ros27SubscriptionCallbackHelperTIRKN8tf2_msgs10TFMessage_ISaIvEEEvE11deserializeERKNS_43SubscriptionCallbackHelperDeserializeParamsE[_ZN3ros27SubscriptionCallbackHelperTIRKN8tf2_msgs10TFMessage_ISaIvEEEvE11deserializeERKNS_43SubscriptionCallbackHelperDeserializeParamsE]+0x180): riferimento non definito a "ros::console::print(ros::console::FilterBase*, void*, ros::console::levels::Level, char const*, int, char const*, char const*, ...)"
CMakeFiles/pick_n_delivery_node.dir/src/set_goal.cpp.o: nella funzione "ros::SubscriptionCallbackHelperT<pick_n_delivery::NewGoal_<std::allocator<void> > const&, void>::deserialize(ros::SubscriptionCallbackHelperDeserializeParams const&)":
set_goal.cpp:(.text._ZN3ros27SubscriptionCallbackHelperTIRKN15pick_n_delivery8NewGoal_ISaIvEEEvE11deserializeERKNS_43SubscriptionCallbackHelperDeserializeParamsE[_ZN3ros27SubscriptionCallbackHelperTIRKN15pick_n_delivery8NewGoal_ISaIvEEEvE11deserializeERKNS_43SubscriptionCallbackHelperDeserializeParamsE]+0x61): riferimento non definito a "ros::console::g_initialized"
set_goal.cpp:(.text._ZN3ros27SubscriptionCallbackHelperTIRKN15pick_n_delivery8NewGoal_ISaIvEEEvE11deserializeERKNS_43SubscriptionCallbackHelperDeserializeParamsE[_ZN3ros27SubscriptionCallbackHelperTIRKN15pick_n_delivery8NewGoal_ISaIvEEEvE11deserializeERKNS_43SubscriptionCallbackHelperDeserializeParamsE]+0x71): riferimento non definito a "ros::console::initialize()"
set_goal.cpp:(.text._ZN3ros27SubscriptionCallbackHelperTIRKN15pick_n_delivery8NewGoal_ISaIvEEEvE11deserializeERKNS_43SubscriptionCallbackHelperDeserializeParamsE[_ZN3ros27SubscriptionCallbackHelperTIRKN15pick_n_delivery8NewGoal_ISaIvEEEvE11deserializeERKNS_43SubscriptionCallbackHelperDeserializeParamsE]+0xbe): riferimento non definito a "ros::console::initializeLogLocation(ros::console::LogLocation*, std::__cxx11::basic_string<char, std::char_traits<char>, std::allocator<char> > const&, ros::console::levels::Level)"
set_goal.cpp:(.text._ZN3ros27SubscriptionCallbackHelperTIRKN15pick_n_delivery8NewGoal_ISaIvEEEvE11deserializeERKNS_43SubscriptionCallbackHelperDeserializeParamsE[_ZN3ros27SubscriptionCallbackHelperTIRKN15pick_n_delivery8NewGoal_ISaIvEEEvE11deserializeERKNS_43SubscriptionCallbackHelperDeserializeParamsE]+0xfa): riferimento non definito a "ros::console::setLogLocationLevel(ros::console::LogLocation*, ros::console::levels::Level)"
set_goal.cpp:(.text._ZN3ros27SubscriptionCallbackHelperTIRKN15pick_n_delivery8NewGoal_ISaIvEEEvE11deserializeERKNS_43SubscriptionCallbackHelperDeserializeParamsE[_ZN3ros27SubscriptionCallbackHelperTIRKN15pick_n_delivery8NewGoal_ISaIvEEEvE11deserializeERKNS_43SubscriptionCallbackHelperDeserializeParamsE]+0x106): riferimento non definito a "ros::console::checkLogLocationEnabled(ros::console::LogLocation*)"
set_goal.cpp:(.text._ZN3ros27SubscriptionCallbackHelperTIRKN15pick_n_delivery8NewGoal_ISaIvEEEvE11deserializeERKNS_43SubscriptionCallbackHelperDeserializeParamsE[_ZN3ros27SubscriptionCallbackHelperTIRKN15pick_n_delivery8NewGoal_ISaIvEEEvE11deserializeERKNS_43SubscriptionCallbackHelperDeserializeParamsE]+0x180): riferimento non definito a "ros::console::print(ros::console::FilterBase*, void*, ros::console::levels::Level, char const*, int, char const*, char const*, ...)"
CMakeFiles/pick_n_delivery_node.dir/src/set_goal.cpp.o: nella funzione "void ros::serialization::Serializer<float>::read<ros::serialization::IStream>(ros::serialization::IStream&, float&)":
set_goal.cpp:(.text._ZN3ros13serialization10SerializerIfE4readINS0_7IStreamEEEvRT_Rf[_ZN3ros13serialization10SerializerIfE4readINS0_7IStreamEEEvRT_Rf]+0x53): riferimento non definito a "ros::serialization::throwStreamOverrun()"
CMakeFiles/pick_n_delivery_node.dir/src/set_goal.cpp.o: nella funzione "void ros::serialization::Serializer<unsigned int>::read<ros::serialization::IStream>(ros::serialization::IStream&, unsigned int&)":
set_goal.cpp:(.text._ZN3ros13serialization10SerializerIjE4readINS0_7IStreamEEEvRT_Rj[_ZN3ros13serialization10SerializerIjE4readINS0_7IStreamEEEvRT_Rj]+0x53): riferimento non definito a "ros::serialization::throwStreamOverrun()"
CMakeFiles/pick_n_delivery_node.dir/src/set_goal.cpp.o: nella funzione "void ros::serialization::Serializer<std::__cxx11::basic_string<char, std::char_traits<char>, std::allocator<char> > >::read<ros::serialization::IStream>(ros::serialization::IStream&, std::__cxx11::basic_string<char, std::char_traits<char>, std::allocator<char> >&)":
set_goal.cpp:(.text._ZN3ros13serialization10SerializerINSt7__cxx1112basic_stringIcSt11char_traitsIcESaIcEEEE4readINS0_7IStreamEEEvRT_RS7_[_ZN3ros13serialization10SerializerINSt7__cxx1112basic_stringIcSt11char_traitsIcESaIcEEEE4readINS0_7IStreamEEEvRT_RS7_]+0x99): riferimento non definito a "ros::serialization::throwStreamOverrun()"
CMakeFiles/pick_n_delivery_node.dir/src/set_goal.cpp.o: nella funzione "void ros::serialization::Serializer<double>::read<ros::serialization::IStream>(ros::serialization::IStream&, double&)":
set_goal.cpp:(.text._ZN3ros13serialization10SerializerIdE4readINS0_7IStreamEEEvRT_Rd[_ZN3ros13serialization10SerializerIdE4readINS0_7IStreamEEEvRT_Rd]+0x53): riferimento non definito a "ros::serialization::throwStreamOverrun()"
collect2: error: ld returned 1 exit status
CMakeFiles/pick_n_delivery_node.dir/build.make:94: recipe for target '/home/mik/labiagi_2020_21/pick_n_delivery/devel/.private/pick_n_delivery/lib/pick_n_delivery/pick_n_delivery_node' failed
make[2]: *** [/home/mik/labiagi_2020_21/pick_n_delivery/devel/.private/pick_n_delivery/lib/pick_n_delivery/pick_n_delivery_node] Error 1
CMakeFiles/Makefile2:67: recipe for target 'CMakeFiles/pick_n_delivery_node.dir/all' failed
make[1]: *** [CMakeFiles/pick_n_delivery_node.dir/all] Error 2
Makefile:140: recipe for target 'all' failed
make: *** [all] Error 2
