[01m[K/home/mik/labiagi_2020_21/pick_n_delivery/src/pick_n_delivery/src/set_goal.cpp:[m[K In function ‘[01m[Kvoid check1_callback(ros::TimerEvent&)[m[K’:
[01m[K/home/mik/labiagi_2020_21/pick_n_delivery/src/pick_n_delivery/src/set_goal.cpp:83:24:[m[K [01;31m[Kerror: [m[K‘[01m[Kcount[m[K’ was not declared in this scope
    ss << "Bloccato" << [01;31m[Kcount[m[K;
                        [01;31m[K^~~~~[m[K
[01m[K/home/mik/labiagi_2020_21/pick_n_delivery/src/pick_n_delivery/src/set_goal.cpp:83:24:[m[K [01;36m[Knote: [m[Ksuggested alternative:
In file included from [01m[K/usr/include/c++/7/algorithm:62:0[m[K,
                 from [01m[K/usr/include/boost/math/tools/config.hpp:18[m[K,
                 from [01m[K/usr/include/boost/math/special_functions/round.hpp:13[m[K,
                 from [01m[K/opt/ros/melodic/include/ros/time.h:58[m[K,
                 from [01m[K/opt/ros/melodic/include/ros/ros.h:38[m[K,
                 from [01m[K/home/mik/labiagi_2020_21/pick_n_delivery/src/pick_n_delivery/src/set_goal.cpp:1[m[K:
[01m[K/usr/include/c++/7/bits/stl_algo.h:4076:5:[m[K [01;36m[Knote: [m[K  ‘[01m[Kstd::count[m[K’
     [01;36m[Kcount[m[K(_InputIterator __first, _InputIterator __last, const _Tp& __value)
     [01;36m[K^~~~~[m[K
[01m[K/home/mik/labiagi_2020_21/pick_n_delivery/src/pick_n_delivery/src/set_goal.cpp:85:4:[m[K [01;31m[Kerror: [m[K‘[01m[Kpub_arrived[m[K’ was not declared in this scope
    [01;31m[Kpub_arrived[m[K.publish(msg);
    [01;31m[K^~~~~~~~~~~[m[K
[01m[K/home/mik/labiagi_2020_21/pick_n_delivery/src/pick_n_delivery/src/set_goal.cpp:93:24:[m[K [01;31m[Kerror: [m[K‘[01m[Kcount[m[K’ was not declared in this scope
    ss << "Arrivato" << [01;31m[Kcount[m[K;
                        [01;31m[K^~~~~[m[K
[01m[K/home/mik/labiagi_2020_21/pick_n_delivery/src/pick_n_delivery/src/set_goal.cpp:93:24:[m[K [01;36m[Knote: [m[Ksuggested alternative:
In file included from [01m[K/usr/include/c++/7/algorithm:62:0[m[K,
                 from [01m[K/usr/include/boost/math/tools/config.hpp:18[m[K,
                 from [01m[K/usr/include/boost/math/special_functions/round.hpp:13[m[K,
                 from [01m[K/opt/ros/melodic/include/ros/time.h:58[m[K,
                 from [01m[K/opt/ros/melodic/include/ros/ros.h:38[m[K,
                 from [01m[K/home/mik/labiagi_2020_21/pick_n_delivery/src/pick_n_delivery/src/set_goal.cpp:1[m[K:
[01m[K/usr/include/c++/7/bits/stl_algo.h:4076:5:[m[K [01;36m[Knote: [m[K  ‘[01m[Kstd::count[m[K’
     [01;36m[Kcount[m[K(_InputIterator __first, _InputIterator __last, const _Tp& __value)
     [01;36m[K^~~~~[m[K
[01m[K/home/mik/labiagi_2020_21/pick_n_delivery/src/pick_n_delivery/src/set_goal.cpp:95:4:[m[K [01;31m[Kerror: [m[K‘[01m[Kpub_arrived[m[K’ was not declared in this scope
    [01;31m[Kpub_arrived[m[K.publish(msg);
    [01;31m[K^~~~~~~~~~~[m[K
In file included from [01m[K/usr/include/boost/function/detail/maybe_include.hpp:18:0[m[K,
                 from [01m[K/usr/include/boost/function/detail/function_iterate.hpp:14[m[K,
                 from [01m[K/usr/include/boost/preprocessor/iteration/detail/iter/forward1.hpp:52[m[K,
                 from [01m[K/usr/include/boost/function.hpp:64[m[K,
                 from [01m[K/opt/ros/melodic/include/ros/forwards.h:40[m[K,
                 from [01m[K/opt/ros/melodic/include/ros/common.h:37[m[K,
                 from [01m[K/opt/ros/melodic/include/ros/ros.h:43[m[K,
                 from [01m[K/home/mik/labiagi_2020_21/pick_n_delivery/src/pick_n_delivery/src/set_goal.cpp:1[m[K:
/usr/include/boost/function/function_template.hpp: In instantiation of ‘[01m[Kstatic void boost::detail::function::void_function_invoker1<FunctionPtr, R, T0>::invoke(boost::detail::function::function_buffer&, T0) [with FunctionPtr = void (*)(ros::TimerEvent&); R = void; T0 = const ros::TimerEvent&][m[K’:
[01m[K/usr/include/boost/function/function_template.hpp:925:38:[m[K   required from ‘[01m[Kvoid boost::function1<R, T1>::assign_to(Functor) [with Functor = void (*)(ros::TimerEvent&); R = void; T0 = const ros::TimerEvent&][m[K’
[01m[K/usr/include/boost/function/function_template.hpp:716:7:[m[K   required from ‘[01m[Kboost::function1<R, T1>::function1(Functor, typename boost::enable_if_c<(! boost::is_integral<Functor>::value), int>::type) [with Functor = void (*)(ros::TimerEvent&); R = void; T0 = const ros::TimerEvent&; typename boost::enable_if_c<(! boost::is_integral<Functor>::value), int>::type = int][m[K’
[01m[K/usr/include/boost/function/function_template.hpp:1061:16:[m[K   required from ‘[01m[Kboost::function<R(T0)>::function(Functor, typename boost::enable_if_c<(! boost::is_integral<Functor>::value), int>::type) [with Functor = void (*)(ros::TimerEvent&); R = void; T0 = const ros::TimerEvent&; typename boost::enable_if_c<(! boost::is_integral<Functor>::value), int>::type = int][m[K’
[01m[K/home/mik/labiagi_2020_21/pick_n_delivery/src/pick_n_delivery/src/set_goal.cpp:132:68:[m[K   required from here
[01m[K/usr/include/boost/function/function_template.hpp:118:11:[m[K [01;31m[Kerror: [m[Kbinding reference of type ‘[01m[Kros::TimerEvent&[m[K’ to ‘[01m[Kconst ros::TimerEvent[m[K’ discards qualifiers
           [01;31m[KB[m[KOOST_FUNCTION_RETURN(f(BOOST_FUNCTION_ARGS));
           [01;31m[K^[m[K
make[2]: *** [CMakeFiles/pick_n_delivery_node.dir/src/set_goal.cpp.o] Error 1
make[1]: *** [CMakeFiles/pick_n_delivery_node.dir/all] Error 2
make: *** [all] Error 2
