Determining if the pthread_create exist failed with the following output:
Change Dir: /home/mik/labiagi_2020_21/pick_n_delivery/build/catkin_tools_prebuild/CMakeFiles/CMakeTmp

Run Build Command:"/usr/bin/make" "cmTC_33896/fast"
/usr/bin/make -f CMakeFiles/cmTC_33896.dir/build.make CMakeFiles/cmTC_33896.dir/build
make[1]: ingresso nella directory "/home/mik/labiagi_2020_21/pick_n_delivery/build/catkin_tools_prebuild/CMakeFiles/CMakeTmp"
Building C object CMakeFiles/cmTC_33896.dir/CheckSymbolExists.c.o
/usr/bin/cc    -o CMakeFiles/cmTC_33896.dir/CheckSymbolExists.c.o   -c /home/mik/labiagi_2020_21/pick_n_delivery/build/catkin_tools_prebuild/CMakeFiles/CMakeTmp/CheckSymbolExists.c
Linking C executable cmTC_33896
/usr/bin/cmake -E cmake_link_script CMakeFiles/cmTC_33896.dir/link.txt --verbose=1
/usr/bin/cc      -rdynamic CMakeFiles/cmTC_33896.dir/CheckSymbolExists.c.o  -o cmTC_33896 
CMakeFiles/cmTC_33896.dir/CheckSymbolExists.c.o: nella funzione "main":
CheckSymbolExists.c:(.text+0x1b): riferimento non definito a "pthread_create"
collect2: error: ld returned 1 exit status
CMakeFiles/cmTC_33896.dir/build.make:97: recipe for target 'cmTC_33896' failed
make[1]: *** [cmTC_33896] Error 1
make[1]: uscita dalla directory "/home/mik/labiagi_2020_21/pick_n_delivery/build/catkin_tools_prebuild/CMakeFiles/CMakeTmp"
Makefile:126: recipe for target 'cmTC_33896/fast' failed
make: *** [cmTC_33896/fast] Error 2

File /home/mik/labiagi_2020_21/pick_n_delivery/build/catkin_tools_prebuild/CMakeFiles/CMakeTmp/CheckSymbolExists.c:
/* */
#include <pthread.h>

int main(int argc, char** argv)
{
  (void)argv;
#ifndef pthread_create
  return ((int*)(&pthread_create))[argc];
#else
  (void)argc;
  return 0;
#endif
}

Determining if the function pthread_create exists in the pthreads failed with the following output:
Change Dir: /home/mik/labiagi_2020_21/pick_n_delivery/build/catkin_tools_prebuild/CMakeFiles/CMakeTmp

Run Build Command:"/usr/bin/make" "cmTC_c0a6b/fast"
/usr/bin/make -f CMakeFiles/cmTC_c0a6b.dir/build.make CMakeFiles/cmTC_c0a6b.dir/build
make[1]: ingresso nella directory "/home/mik/labiagi_2020_21/pick_n_delivery/build/catkin_tools_prebuild/CMakeFiles/CMakeTmp"
Building C object CMakeFiles/cmTC_c0a6b.dir/CheckFunctionExists.c.o
/usr/bin/cc   -DCHECK_FUNCTION_EXISTS=pthread_create   -o CMakeFiles/cmTC_c0a6b.dir/CheckFunctionExists.c.o   -c /usr/share/cmake-3.10/Modules/CheckFunctionExists.c
Linking C executable cmTC_c0a6b
/usr/bin/cmake -E cmake_link_script CMakeFiles/cmTC_c0a6b.dir/link.txt --verbose=1
/usr/bin/cc  -DCHECK_FUNCTION_EXISTS=pthread_create    -rdynamic CMakeFiles/cmTC_c0a6b.dir/CheckFunctionExists.c.o  -o cmTC_c0a6b -lpthreads 
/usr/bin/ld: impossibile trovare -lpthreads
collect2: error: ld returned 1 exit status
CMakeFiles/cmTC_c0a6b.dir/build.make:97: recipe for target 'cmTC_c0a6b' failed
make[1]: *** [cmTC_c0a6b] Error 1
make[1]: uscita dalla directory "/home/mik/labiagi_2020_21/pick_n_delivery/build/catkin_tools_prebuild/CMakeFiles/CMakeTmp"
Makefile:126: recipe for target 'cmTC_c0a6b/fast' failed
make: *** [cmTC_c0a6b/fast] Error 2


