Determining if the pthread_create exist failed with the following output:
Change Dir: /home/mik/labiagi_2020_21/pick_n_delivery/build/pick_n_delivery/CMakeFiles/CMakeTmp

Run Build Command:"/usr/bin/make" "cmTC_c6e5e/fast"
/usr/bin/make -f CMakeFiles/cmTC_c6e5e.dir/build.make CMakeFiles/cmTC_c6e5e.dir/build
make[1]: ingresso nella directory "/home/mik/labiagi_2020_21/pick_n_delivery/build/pick_n_delivery/CMakeFiles/CMakeTmp"
Building C object CMakeFiles/cmTC_c6e5e.dir/CheckSymbolExists.c.o
/usr/bin/cc    -o CMakeFiles/cmTC_c6e5e.dir/CheckSymbolExists.c.o   -c /home/mik/labiagi_2020_21/pick_n_delivery/build/pick_n_delivery/CMakeFiles/CMakeTmp/CheckSymbolExists.c
Linking C executable cmTC_c6e5e
/usr/bin/cmake -E cmake_link_script CMakeFiles/cmTC_c6e5e.dir/link.txt --verbose=1
/usr/bin/cc      -rdynamic CMakeFiles/cmTC_c6e5e.dir/CheckSymbolExists.c.o  -o cmTC_c6e5e 
CMakeFiles/cmTC_c6e5e.dir/CheckSymbolExists.c.o: nella funzione "main":
CheckSymbolExists.c:(.text+0x1b): riferimento non definito a "pthread_create"
collect2: error: ld returned 1 exit status
CMakeFiles/cmTC_c6e5e.dir/build.make:97: recipe for target 'cmTC_c6e5e' failed
make[1]: *** [cmTC_c6e5e] Error 1
make[1]: uscita dalla directory "/home/mik/labiagi_2020_21/pick_n_delivery/build/pick_n_delivery/CMakeFiles/CMakeTmp"
Makefile:126: recipe for target 'cmTC_c6e5e/fast' failed
make: *** [cmTC_c6e5e/fast] Error 2

File /home/mik/labiagi_2020_21/pick_n_delivery/build/pick_n_delivery/CMakeFiles/CMakeTmp/CheckSymbolExists.c:
/* */
#include <pthread.h>

int main(int argc, char** argv)
{
  (void)argv;
#ifndef pthread_create
  return ((int*)(&pthread_create))[argc];
#else
  (void)argc;
  return 0;
#endif
}

Determining if the function pthread_create exists in the pthreads failed with the following output:
Change Dir: /home/mik/labiagi_2020_21/pick_n_delivery/build/pick_n_delivery/CMakeFiles/CMakeTmp

Run Build Command:"/usr/bin/make" "cmTC_a6c97/fast"
/usr/bin/make -f CMakeFiles/cmTC_a6c97.dir/build.make CMakeFiles/cmTC_a6c97.dir/build
make[1]: ingresso nella directory "/home/mik/labiagi_2020_21/pick_n_delivery/build/pick_n_delivery/CMakeFiles/CMakeTmp"
Building C object CMakeFiles/cmTC_a6c97.dir/CheckFunctionExists.c.o
/usr/bin/cc   -DCHECK_FUNCTION_EXISTS=pthread_create   -o CMakeFiles/cmTC_a6c97.dir/CheckFunctionExists.c.o   -c /usr/share/cmake-3.10/Modules/CheckFunctionExists.c
Linking C executable cmTC_a6c97
/usr/bin/cmake -E cmake_link_script CMakeFiles/cmTC_a6c97.dir/link.txt --verbose=1
/usr/bin/cc  -DCHECK_FUNCTION_EXISTS=pthread_create    -rdynamic CMakeFiles/cmTC_a6c97.dir/CheckFunctionExists.c.o  -o cmTC_a6c97 -lpthreads 
/usr/bin/ld: impossibile trovare -lpthreads
collect2: error: ld returned 1 exit status
CMakeFiles/cmTC_a6c97.dir/build.make:97: recipe for target 'cmTC_a6c97' failed
make[1]: *** [cmTC_a6c97] Error 1
make[1]: uscita dalla directory "/home/mik/labiagi_2020_21/pick_n_delivery/build/pick_n_delivery/CMakeFiles/CMakeTmp"
Makefile:126: recipe for target 'cmTC_a6c97/fast' failed
make: *** [cmTC_a6c97/fast] Error 2


